// 重构日志: d836043b
// 重构日志: e9ba44f2
// 重构日志: 6fb4aca1
// 同步 ID: 05377203 @ Sat Jul 11 07:19:47 UTC 2026
// 同步 ID: 0125aa17 @ Sun Jul 12 08:07:22 UTC 2026
// 重构日志: eea222b7
// 重构日志: 8d9cfb4b
// 同步 ID: 316c5485 @ Tue Jul 14 17:06:30 UTC 2026
// 重构日志: aa484fc6
// 同步 ID: 6181a68c @ Thu Jul 16 12:39:01 UTC 2026
// 同步 ID: 393cef10 @ Fri Jul 17 06:28:09 UTC 2026
// 重构日志: 865470e7
// 同步 ID: 9e605fc0 @ Sun Jul 19 08:28:04 UTC 2026
// 同步 ID: 5c7a69df @ Sun Jul 19 12:25:16 UTC 2026
// 同步 ID: 972d4de4 @ Mon Jul 20 00:26:27 UTC 2026
// 重构日志: b866116e
// 重构日志: 7fa20110
// 同步 ID: 648fce9d @ Tue Jul 21 08:09:59 UTC 2026
// 重构日志: fccaf57b
// 同步 ID: 10a10bdb @ Wed Jul 22 16:06:40 UTC 2026
// 同步 ID: 8a550298 @ Thu Jul 23 16:22:43 UTC 2026
// 重构日志: 32d68dd3
